2021-12-03 19:05:00 - INFO - "GET / HTTP/1.1" 200 1219
2021-12-03 19:05:00 - INFO - "GET /static/style.css HTTP/1.1" 200 648
2021-12-03 19:06:20 - WARNING - Python-dotenv could not parse statement starting at line 19
2021-12-03 19:06:20 - WARNING - Python-dotenv could not parse statement starting at line 21
2021-12-03 19:06:20 - WARNING - Python-dotenv could not parse statement starting at line 22
2021-12-03 19:06:20 - WARNING - Python-dotenv could not parse statement starting at line 23
2021-12-03 19:06:20 - WARNING - Python-dotenv could not parse statement starting at line 24
2021-12-03 19:06:20 - WARNING - Python-dotenv could not parse statement starting at line 25
2021-12-03 19:06:20 - WARNING - Python-dotenv could not parse statement starting at line 26
2021-12-03 19:09:52 - WARNING - Python-dotenv could not parse statement starting at line 19
2021-12-03 19:09:52 - WARNING - Python-dotenv could not parse statement starting at line 21
2021-12-03 19:09:52 - WARNING - Python-dotenv could not parse statement starting at line 22
2021-12-03 19:09:52 - WARNING - Python-dotenv could not parse statement starting at line 23
2021-12-03 19:09:52 - WARNING - Python-dotenv could not parse statement starting at line 24
2021-12-03 19:09:52 - WARNING - Python-dotenv could not parse statement starting at line 25
2021-12-03 19:09:52 - WARNING - Python-dotenv could not parse statement starting at line 26
2021-12-03 19:09:52 - INFO - "GET /blogs HTTP/1.1" 200 2
2021-12-03 19:12:59 - WARNING - Python-dotenv could not parse statement starting at line 19
2021-12-03 19:12:59 - WARNING - Python-dotenv could not parse statement starting at line 21
2021-12-03 19:12:59 - WARNING - Python-dotenv could not parse statement starting at line 22
2021-12-03 19:12:59 - WARNING - Python-dotenv could not parse statement starting at line 23
2021-12-03 19:12:59 - WARNING - Python-dotenv could not parse statement starting at line 24
2021-12-03 19:12:59 - WARNING - Python-dotenv could not parse statement starting at line 25
2021-12-03 19:12:59 - WARNING - Python-dotenv could not parse statement starting at line 26
2021-12-03 19:13:06 - WARNING - Python-dotenv could not parse statement starting at line 19
2021-12-03 19:13:06 - WARNING - Python-dotenv could not parse statement starting at line 21
2021-12-03 19:13:06 - WARNING - Python-dotenv could not parse statement starting at line 22
2021-12-03 19:13:06 - WARNING - Python-dotenv could not parse statement starting at line 23
2021-12-03 19:13:06 - WARNING - Python-dotenv could not parse statement starting at line 24
2021-12-03 19:13:06 - WARNING - Python-dotenv could not parse statement starting at line 25
2021-12-03 19:13:06 - WARNING - Python-dotenv could not parse statement starting at line 26
2021-12-03 19:13:06 - INFO - "GET /blogs HTTP/1.1" 200 428
2021-12-03 19:13:06 - INFO - "GET /favicon.ico HTTP/1.1" 200 1739
2021-12-03 19:14:06 - WARNING - Python-dotenv could not parse statement starting at line 19
2021-12-03 19:14:06 - WARNING - Python-dotenv could not parse statement starting at line 21
2021-12-03 19:14:06 - WARNING - Python-dotenv could not parse statement starting at line 22
2021-12-03 19:14:06 - WARNING - Python-dotenv could not parse statement starting at line 23
2021-12-03 19:14:06 - WARNING - Python-dotenv could not parse statement starting at line 24
2021-12-03 19:14:06 - WARNING - Python-dotenv could not parse statement starting at line 25
2021-12-03 19:14:06 - WARNING - Python-dotenv could not parse statement starting at line 26
2021-12-03 19:14:06 - INFO - "GET /blogs/2 HTTP/1.1" 200 139
2021-12-03 19:14:06 - INFO - "GET /blogs/1 HTTP/1.1" 200 145
2021-12-03 19:14:06 - INFO - "GET /blogs HTTP/1.1" 200 428
2021-12-03 19:15:06 - WARNING - Python-dotenv could not parse statement starting at line 19
2021-12-03 19:15:06 - WARNING - Python-dotenv could not parse statement starting at line 21
2021-12-03 19:15:06 - WARNING - Python-dotenv could not parse statement starting at line 22
2021-12-03 19:15:06 - WARNING - Python-dotenv could not parse statement starting at line 23
2021-12-03 19:15:06 - WARNING - Python-dotenv could not parse statement starting at line 24
2021-12-03 19:15:06 - WARNING - Python-dotenv could not parse statement starting at line 25
2021-12-03 19:15:06 - WARNING - Python-dotenv could not parse statement starting at line 26
2021-12-03 19:15:06 - INFO - "POST /blogs HTTP/1.1" 200 127
2021-12-03 19:15:06 - INFO - "GET /blogs HTTP/1.1" 200 557
2021-12-03 19:15:06 - INFO - "GET /favicon.ico HTTP/1.1" 304 0
2021-12-03 19:17:21 - WARNING - "PUT /blogs HTTP/1.1" 405 1554
2021-12-03 19:17:21 - WARNING - Python-dotenv could not parse statement starting at line 19
2021-12-03 19:17:21 - WARNING - Python-dotenv could not parse statement starting at line 21
2021-12-03 19:17:21 - WARNING - Python-dotenv could not parse statement starting at line 22
2021-12-03 19:17:21 - WARNING - Python-dotenv could not parse statement starting at line 23
2021-12-03 19:17:21 - WARNING - Python-dotenv could not parse statement starting at line 24
2021-12-03 19:17:21 - WARNING - Python-dotenv could not parse statement starting at line 25
2021-12-03 19:17:21 - WARNING - Python-dotenv could not parse statement starting at line 26
2021-12-03 19:17:35 - ERROR - ContainerError in 0 on line 0
2021-12-03 19:18:30 - WARNING - Python-dotenv could not parse statement starting at line 19
2021-12-03 19:18:30 - WARNING - Python-dotenv could not parse statement starting at line 21
2021-12-03 19:18:30 - WARNING - Python-dotenv could not parse statement starting at line 22
2021-12-03 19:18:30 - WARNING - Python-dotenv could not parse statement starting at line 23
2021-12-03 19:18:30 - WARNING - Python-dotenv could not parse statement starting at line 24
2021-12-03 19:18:30 - WARNING - Python-dotenv could not parse statement starting at line 25
2021-12-03 19:18:30 - WARNING - Python-dotenv could not parse statement starting at line 26
2021-12-03 19:18:30 - INFO - "DELETE /blogs/4 HTTP/1.1" 200 129
2021-12-03 19:18:30 - INFO - "GET /blogs HTTP/1.1" 200 428
